<?xml version="1.0" encoding="UTF-8"?>
<Site BuildName="(empty)"
	BuildStamp="20250131-2116-Experimental"
	Name="(empty)"
	Generator="ctest-3.22.1"
	CompilerName=""
	CompilerVersion=""
	OSName="Linux"
	Hostname="6027d1e09b77"
	OSRelease="5.15.167.4-microsoft-standard-WSL2"
	OSVersion="#1 SMP Tue Nov 5 00:21:55 UTC 2024"
	OSPlatform="x86_64"
	Is64Bits="1"
	VendorString="GenuineIntel"
	VendorID="Intel Corporation"
	FamilyID="6"
	ModelID="158"
	ProcessorCacheSize="12288"
	NumberOfLogicalCPU="12"
	NumberOfPhysicalCPU="6"
	TotalVirtualMemory="2048"
	TotalPhysicalMemory="7865"
	LogicalProcessorsPerPhysical="2"
	ProcessorClockFrequency="2592.01"
	>
	<Testing>
		<StartDateTime>Jan 31 21:17 UTC</StartDateTime>
		<StartTestTime>1738358270</StartTestTime>
		<TestList/>
		<EndDateTime>Jan 31 21:17 UTC</EndDateTime>
		<EndTestTime>1738358270</EndTestTime>
		<ElapsedMinutes>0</ElapsedMinutes>
	</Testing>
</Site>
